<?xml version="1.0" encoding="UTF-8"?>
<!-- Generated by org.testng.reporters.JUnitReportReporter -->
<testsuite hostname="DESKTOP-VCLKQSN" failures="0" tests="7" name="com.justdial.testcases.FreelistingTestCases" time="0.203" errors="1" timestamp="01 Jun 2021 03:17:01 GMT" skipped="6">
  <testcase classname="com.justdial.testcases.FreelistingTestCases" name="browser" time="0.203">
    <error message="&#039;java.lang.String org.apache.commons.io.IOUtils.toString(java.io.InputStream, java.nio.charset.Charset)&#039;" type="java.lang.NoSuchMethodError">
      <![CDATA[java.lang.NoSuchMethodError: 'java.lang.String org.apache.commons.io.IOUtils.toString(java.io.InputStream, java.nio.charset.Charset)'
at io.github.bonigarcia.wdm.versions.VersionDetector.getProperties(VersionDetector.java:232)
at io.github.bonigarcia.wdm.versions.VersionDetector.getBrowserVersionFromTheShell(VersionDetector.java:137)
at io.github.bonigarcia.wdm.WebDriverManager.getBrowserVersionFromTheShell(WebDriverManager.java:731)
at io.github.bonigarcia.wdm.WebDriverManager.detectBrowserVersion(WebDriverManager.java:751)
at io.github.bonigarcia.wdm.WebDriverManager.resolveDriverVersion(WebDriverManager.java:614)
at io.github.bonigarcia.wdm.WebDriverManager.manage(WebDriverManager.java:565)
at io.github.bonigarcia.wdm.WebDriverManager.setup(WebDriverManager.java:287)
at com.justdial.homepage.Homepage.setup(Homepage.java:49)
at com.justdial.testcases.FreelistingTestCases.browser(FreelistingTestCases.java:27)
at java.base/jdk.internal.reflect.NativeMethodAccessorImpl.invoke0(Native Method)
at java.base/jdk.internal.reflect.NativeMethodAccessorImpl.invoke(NativeMethodAccessorImpl.java:64)
at java.base/jdk.internal.reflect.DelegatingMethodAccessorImpl.invoke(DelegatingMethodAccessorImpl.java:43)
at java.base/java.lang.reflect.Method.invoke(Method.java:564)
at org.testng.internal.MethodInvocationHelper.invokeMethod(MethodInvocationHelper.java:124)
at org.testng.internal.MethodInvocationHelper.invokeMethodConsideringTimeout(MethodInvocationHelper.java:59)
at org.testng.internal.Invoker.invokeConfigurationMethod(Invoker.java:458)
at org.testng.internal.Invoker.invokeConfigurations(Invoker.java:222)
at org.testng.internal.Invoker.invokeConfigurations(Invoker.java:142)
at org.testng.internal.TestMethodWorker.invokeBeforeClassMethods(TestMethodWorker.java:168)
at org.testng.internal.TestMethodWorker.run(TestMethodWorker.java:105)
at org.testng.TestRunner.privateRun(TestRunner.java:648)
at org.testng.TestRunner.run(TestRunner.java:505)
at org.testng.SuiteRunner.runTest(SuiteRunner.java:455)
at org.testng.SuiteRunner.access$000(SuiteRunner.java:40)
at org.testng.SuiteRunner$SuiteWorker.run(SuiteRunner.java:489)
at org.testng.internal.thread.ThreadUtil$1.call(ThreadUtil.java:52)
at java.base/java.util.concurrent.FutureTask.run(FutureTask.java:264)
at java.base/java.util.concurrent.ThreadPoolExecutor.runWorker(ThreadPoolExecutor.java:1130)
at java.base/java.util.concurrent.ThreadPoolExecutor$Worker.run(ThreadPoolExecutor.java:630)
at java.base/java.lang.Thread.run(Thread.java:832)
]]>
    </error>
  </testcase> <!-- browser -->
  <testcase classname="com.justdial.testcases.FreelistingTestCases" name="launch" time="0.000">
    <skipped/>
  </testcase> <!-- launch -->
  <testcase classname="com.justdial.testcases.FreelistingTestCases" name="allNullValues" time="0.000">
    <skipped/>
  </testcase> <!-- allNullValues -->
  <testcase classname="com.justdial.testcases.FreelistingTestCases" name="companyNullValue" time="0.000">
    <skipped/>
  </testcase> <!-- companyNullValue -->
  <testcase classname="com.justdial.testcases.FreelistingTestCases" name="mobileNullValue" time="0.000">
    <skipped/>
  </testcase> <!-- mobileNullValue -->
  <testcase classname="com.justdial.testcases.FreelistingTestCases" name="cityNullvalue" time="0.000">
    <skipped/>
  </testcase> <!-- cityNullvalue -->
  <testcase classname="com.justdial.testcases.FreelistingTestCases" name="validDataTest" time="0.000">
    <skipped/>
  </testcase> <!-- validDataTest -->
</testsuite> <!-- com.justdial.testcases.FreelistingTestCases -->
